     Создается библиотека X:\МДК.01.02\pr8\kr\x64\Debug\UnitTests.lib и объект X:\МДК.01.02\pr8\kr\x64\Debug\UnitTests.exp
UnitTests.obj : error LNK2019: ссылка на неразрешенный внешний символ "int __cdecl monthDays(int,int)" (?monthDays@@YAHHH@Z) в функции "public: void __cdecl UnitTests::UnitTests::TestMethodMonthDays(void)" (?TestMethodMonthDays@UnitTests@1@QEAAXXZ).
X:\МДК.01.02\pr8\kr\x64\Debug\UnitTests.dll : fatal error LNK1120: неразрешенных внешних элементов: 1
